c:\users\kiryx\source\repos\weather\weather\x64\debug\vc143.pdb
c:\users\kiryx\source\repos\weather\weather\x64\debug\.netframework,version=v4.7.2.assemblyattributes.obj
c:\users\kiryx\source\repos\weather\weather\x64\debug\myform.obj
c:\users\kiryx\source\repos\weather\x64\debug\weather.exe
c:\users\kiryx\source\repos\weather\x64\debug\weather.pdb
c:\users\kiryx\source\repos\weather\weather\x64\debug\weather.res
c:\users\kiryx\source\repos\weather\weather\x64\debug\weather.myform.resources
c:\users\kiryx\source\repos\weather\weather\x64\debug\weather.myform.en-us.resources
c:\users\kiryx\source\repos\weather\weather\x64\debug\weather.myform.ru.resources
c:\users\kiryx\source\repos\weather\x64\debug\en-us\weather.resources.dll
c:\users\kiryx\source\repos\weather\x64\debug\ru\weather.resources.dll
c:\users\kiryx\source\repos\weather\weather\x64\debug\weather.tlog\cl.command.1.tlog
c:\users\kiryx\source\repos\weather\weather\x64\debug\weather.tlog\cl.read.1.tlog
c:\users\kiryx\source\repos\weather\weather\x64\debug\weather.tlog\cl.write.1.tlog
c:\users\kiryx\source\repos\weather\weather\x64\debug\weather.tlog\link.command.1.tlog
c:\users\kiryx\source\repos\weather\weather\x64\debug\weather.tlog\link.read.1.tlog
c:\users\kiryx\source\repos\weather\weather\x64\debug\weather.tlog\link.write.1.tlog
c:\users\kiryx\source\repos\weather\weather\x64\debug\weather.tlog\metagen.read.1.tlog
c:\users\kiryx\source\repos\weather\weather\x64\debug\weather.tlog\metagen.write.1.tlog
c:\users\kiryx\source\repos\weather\weather\x64\debug\weather.tlog\rc.command.1.tlog
c:\users\kiryx\source\repos\weather\weather\x64\debug\weather.tlog\rc.read.1.tlog
c:\users\kiryx\source\repos\weather\weather\x64\debug\weather.tlog\rc.write.1.tlog
c:\users\kiryx\source\repos\weather\weather\x64\debug\weather.tlog\weather.write.1u.tlog
